<?xml version="1.0" encoding="UTF-8"?>
<!-- Generated by org.testng.reporters.JUnitReportReporter -->
<testsuite hostname="EC2AMAZ-8KL45D2" failures="0" tests="1" name="com.WebOrder.WebOrder_HeadlessBrowser_Example" time="3.298" errors="0" timestamp="2024-09-24T09:35:10 UTC" skipped="0">
  <testcase classname="com.WebOrder.WebOrder_HeadlessBrowser_Example" name="Firefox_Headless" time="3.298"/>
  <system-out/>
</testsuite> <!-- com.WebOrder.WebOrder_HeadlessBrowser_Example -->
