<?xml version="1.0" encoding="UTF-8"?>
<!-- Generated by org.testng.reporters.JUnitReportReporter -->
<testsuite hostname="EC2AMAZ-8KL45D2" failures="0" tests="2" name="com.Assignments.Assignment_3" time="21.643" errors="0" timestamp="2024-09-26T04:28:10 UTC" skipped="0">
  <testcase classname="com.Assignments.Assignment_3" name="Capture_Error" time="6.347"/>
  <system-out/>
  <testcase classname="com.Assignments.Assignment_3" name="Login" time="15.296"/>
  <system-out/>
</testsuite> <!-- com.Assignments.Assignment_3 -->
