<?xml version="1.0" encoding="UTF-8"?>
<!-- Generated by org.testng.reporters.JUnitReportReporter -->
<testsuite hostname="EC2AMAZ-8KL45D2" failures="0" tests="2" name="com.WebOrder.WebOrder_Login_GetText_Example" time="13.766" errors="0" timestamp="2024-09-23T09:46:59 UTC" skipped="0">
  <testcase classname="com.WebOrder.WebOrder_Login_GetText_Example" name="login" time="8.382"/>
  <system-out/>
  <testcase classname="com.WebOrder.WebOrder_Login_GetText_Example" name="logout" time="5.384"/>
  <system-out/>
</testsuite> <!-- com.WebOrder.WebOrder_Login_GetText_Example -->
