<?xml version="1.0" encoding="UTF-8"?>
<!-- Generated by org.testng.reporters.JUnitReportReporter -->
<testsuite hostname="EC2AMAZ-8KL45D2" failures="0" tests="4" name="com.WebOrder.WebOrder_Login_DataDrivenTest" time="34.710" errors="0" timestamp="2024-09-24T05:05:13 UTC" skipped="0">
  <testcase classname="com.WebOrder.WebOrder_Login_DataDrivenTest" name="login_to_app" time="9.455"/>
  <system-out/>
  <testcase classname="com.WebOrder.WebOrder_Login_DataDrivenTest" name="login_to_app" time="8.451"/>
  <system-out/>
  <testcase classname="com.WebOrder.WebOrder_Login_DataDrivenTest" name="login_to_app" time="8.190"/>
  <system-out/>
  <testcase classname="com.WebOrder.WebOrder_Login_DataDrivenTest" name="login_to_app" time="8.614"/>
  <system-out/>
</testsuite> <!-- com.WebOrder.WebOrder_Login_DataDrivenTest -->
