<?xml version="1.0" encoding="UTF-8"?>
<!-- Generated by org.testng.reporters.JUnitReportReporter -->
<testsuite hostname="EC2AMAZ-8KL45D2" failures="0" tests="2" name="NOTES_Using_SELENIUM_ASSIGNMENT.Base__Class" time="19.985" errors="0" timestamp="2024-10-10T03:37:37 UTC" skipped="0">
  <testcase classname="NOTES_Using_SELENIUM_ASSIGNMENT.Base__Class" name="login" time="17.959"/>
  <system-out/>
  <testcase classname="NOTES_Using_SELENIUM_ASSIGNMENT.Base__Class" name="delete_all_notes" time="2.026"/>
  <system-out/>
</testsuite> <!-- NOTES_Using_SELENIUM_ASSIGNMENT.Base__Class -->
