<?xml version="1.0" encoding="UTF-8"?>
<!-- Generated by org.testng.reporters.JUnitReportReporter -->
<testsuite hostname="EC2AMAZ-8KL45D2" failures="0" tests="7" name="com.WebOrder.WebOrder_CreateOrder_All_TCs_Scenario" time="9.617" errors="0" timestamp="2024-09-24T06:52:43 UTC" skipped="0">
  <testcase classname="com.WebOrder.WebOrder_CreateOrder_All_TCs_Scenario" name="Create_Order" time="1.430"/>
  <system-out/>
  <testcase classname="com.WebOrder.WebOrder_CreateOrder_All_TCs_Scenario" name="Create_Order" time="1.380"/>
  <system-out/>
  <testcase classname="com.WebOrder.WebOrder_CreateOrder_All_TCs_Scenario" name="Create_Order" time="1.320"/>
  <system-out/>
  <testcase classname="com.WebOrder.WebOrder_CreateOrder_All_TCs_Scenario" name="Create_Order" time="1.550"/>
  <system-out/>
  <testcase classname="com.WebOrder.WebOrder_CreateOrder_All_TCs_Scenario" name="Create_Order" time="1.344"/>
  <system-out/>
  <testcase classname="com.WebOrder.WebOrder_CreateOrder_All_TCs_Scenario" name="Create_Order" time="1.245"/>
  <system-out/>
  <testcase classname="com.WebOrder.WebOrder_CreateOrder_All_TCs_Scenario" name="Create_Order" time="1.348"/>
  <system-out/>
</testsuite> <!-- com.WebOrder.WebOrder_CreateOrder_All_TCs_Scenario -->
