<?xml version="1.0" encoding="UTF-8"?>
<!-- Generated by org.testng.reporters.JUnitReportReporter -->
<testsuite hostname="EC2AMAZ-8KL45D2" failures="0" tests="2" name="com.Assignments.Assignment3_SourceCode" time="22.379" errors="0" timestamp="2024-09-26T03:51:40 UTC" skipped="0">
  <testcase classname="com.Assignments.Assignment3_SourceCode" name="Donot_Enter_CustomerID" time="8.934"/>
  <system-out/>
  <testcase classname="com.Assignments.Assignment3_SourceCode" name="EnterCustomerID" time="13.445"/>
  <system-out/>
</testsuite> <!-- com.Assignments.Assignment3_SourceCode -->
