<?xml version="1.0" encoding="UTF-8"?>
<!-- Generated by org.testng.reporters.JUnitReportReporter -->
<testsuite hostname="EC2AMAZ-8KL45D2" failures="0" tests="5" name="com.WebOrder.WebOrder_Login_All_TCs_Example" time="3.845" errors="0" timestamp="2024-09-26T09:13:04 UTC" skipped="0">
  <testcase classname="com.WebOrder.WebOrder_Login_All_TCs_Example" name="login_to_app" time="0.577"/>
  <system-out/>
  <testcase classname="com.WebOrder.WebOrder_Login_All_TCs_Example" name="login_to_app" time="0.539"/>
  <system-out/>
  <testcase classname="com.WebOrder.WebOrder_Login_All_TCs_Example" name="login_to_app" time="0.513"/>
  <system-out/>
  <testcase classname="com.WebOrder.WebOrder_Login_All_TCs_Example" name="login_to_app" time="1.591"/>
  <system-out/>
  <testcase classname="com.WebOrder.WebOrder_Login_All_TCs_Example" name="login_to_app" time="0.625"/>
  <system-out/>
</testsuite> <!-- com.WebOrder.WebOrder_Login_All_TCs_Example -->
