<?xml version="1.0" encoding="UTF-8"?>
<!-- Generated by org.testng.reporters.JUnitReportReporter -->
<testsuite hostname="EC2AMAZ-8KL45D2" failures="0" tests="3" name="com.WebOrder.Alerts_Example" time="1.660" errors="0" timestamp="2024-09-25T09:52:22 UTC" skipped="0">
  <testcase classname="com.WebOrder.Alerts_Example" name="JS_Prompt" time="1.443"/>
  <system-out/>
  <testcase classname="com.WebOrder.Alerts_Example" name="JS_Alert" time="0.111"/>
  <system-out/>
  <testcase classname="com.WebOrder.Alerts_Example" name="JS_Confirm" time="0.106"/>
  <system-out/>
</testsuite> <!-- com.WebOrder.Alerts_Example -->
