<?xml version="1.0" encoding="UTF-8"?>
<!-- Generated by org.testng.reporters.JUnitReportReporter -->
<testsuite hostname="EC2AMAZ-8KL45D2" failures="0" tests="15" name="com.WebOrder.Cross_Browser_Using_DataProvider_Example" time="10.244" errors="0" timestamp="2024-09-25T04:41:08 UTC" skipped="0">
  <testcase classname="com.WebOrder.Cross_Browser_Using_DataProvider_Example" name="login_to_app" time="0.496"/>
  <system-out/>
  <testcase classname="com.WebOrder.Cross_Browser_Using_DataProvider_Example" name="login_to_app" time="1.496"/>
  <system-out/>
  <testcase classname="com.WebOrder.Cross_Browser_Using_DataProvider_Example" name="login_to_app" time="0.531"/>
  <system-out/>
  <testcase classname="com.WebOrder.Cross_Browser_Using_DataProvider_Example" name="login_to_app" time="2.890"/>
  <system-out/>
  <testcase classname="com.WebOrder.Cross_Browser_Using_DataProvider_Example" name="login_to_app" time="0.489"/>
  <system-out/>
  <testcase classname="com.WebOrder.Cross_Browser_Using_DataProvider_Example" name="login_to_app" time="0.465"/>
  <system-out/>
  <testcase classname="com.WebOrder.Cross_Browser_Using_DataProvider_Example" name="login_to_app" time="0.436"/>
  <system-out/>
  <testcase classname="com.WebOrder.Cross_Browser_Using_DataProvider_Example" name="login_to_app" time="0.152"/>
  <system-out/>
  <testcase classname="com.WebOrder.Cross_Browser_Using_DataProvider_Example" name="login_to_app" time="0.474"/>
  <system-out/>
  <testcase classname="com.WebOrder.Cross_Browser_Using_DataProvider_Example" name="login_to_app" time="1.535"/>
  <system-out/>
  <testcase classname="com.WebOrder.Cross_Browser_Using_DataProvider_Example" name="login_to_app" time="0.139"/>
  <system-out/>
  <testcase classname="com.WebOrder.Cross_Browser_Using_DataProvider_Example" name="login_to_app" time="0.158"/>
  <system-out/>
  <testcase classname="com.WebOrder.Cross_Browser_Using_DataProvider_Example" name="login_to_app" time="0.137"/>
  <system-out/>
  <testcase classname="com.WebOrder.Cross_Browser_Using_DataProvider_Example" name="login_to_app" time="0.375"/>
  <system-out/>
  <testcase classname="com.WebOrder.Cross_Browser_Using_DataProvider_Example" name="login_to_app" time="0.471"/>
  <system-out/>
</testsuite> <!-- com.WebOrder.Cross_Browser_Using_DataProvider_Example -->
