<?xml version="1.0" encoding="UTF-8"?>
<!-- Generated by org.testng.reporters.JUnitReportReporter -->
<testsuite hostname="EC2AMAZ-8KL45D2" failures="0" tests="15" name="com.WebOrder.WebOrder_CreateOrder_All_TCs_Using_Switch" time="34.308" errors="0" timestamp="2024-09-24T08:39:38 UTC" skipped="0">
  <testcase classname="com.WebOrder.WebOrder_CreateOrder_All_TCs_Using_Switch" name="create_order" time="2.351"/>
  <system-out/>
  <testcase classname="com.WebOrder.WebOrder_CreateOrder_All_TCs_Using_Switch" name="create_order" time="2.123"/>
  <system-out/>
  <testcase classname="com.WebOrder.WebOrder_CreateOrder_All_TCs_Using_Switch" name="create_order" time="2.119"/>
  <system-out/>
  <testcase classname="com.WebOrder.WebOrder_CreateOrder_All_TCs_Using_Switch" name="create_order" time="2.185"/>
  <system-out/>
  <testcase classname="com.WebOrder.WebOrder_CreateOrder_All_TCs_Using_Switch" name="create_order" time="2.367"/>
  <system-out/>
  <testcase classname="com.WebOrder.WebOrder_CreateOrder_All_TCs_Using_Switch" name="create_order" time="2.570"/>
  <system-out/>
  <testcase classname="com.WebOrder.WebOrder_CreateOrder_All_TCs_Using_Switch" name="create_order" time="2.439"/>
  <system-out/>
  <testcase classname="com.WebOrder.WebOrder_CreateOrder_All_TCs_Using_Switch" name="create_order" time="2.241"/>
  <system-out/>
  <testcase classname="com.WebOrder.WebOrder_CreateOrder_All_TCs_Using_Switch" name="create_order" time="2.178"/>
  <system-out/>
  <testcase classname="com.WebOrder.WebOrder_CreateOrder_All_TCs_Using_Switch" name="create_order" time="2.056"/>
  <system-out/>
  <testcase classname="com.WebOrder.WebOrder_CreateOrder_All_TCs_Using_Switch" name="create_order" time="2.515"/>
  <system-out/>
  <testcase classname="com.WebOrder.WebOrder_CreateOrder_All_TCs_Using_Switch" name="create_order" time="2.331"/>
  <system-out/>
  <testcase classname="com.WebOrder.WebOrder_CreateOrder_All_TCs_Using_Switch" name="create_order" time="2.241"/>
  <system-out/>
  <testcase classname="com.WebOrder.WebOrder_CreateOrder_All_TCs_Using_Switch" name="create_order" time="2.390"/>
  <system-out/>
  <testcase classname="com.WebOrder.WebOrder_CreateOrder_All_TCs_Using_Switch" name="create_order" time="2.202"/>
  <system-out/>
</testsuite> <!-- com.WebOrder.WebOrder_CreateOrder_All_TCs_Using_Switch -->
