<?xml version="1.0" encoding="UTF-8"?>
<!-- Generated by org.testng.reporters.JUnitReportReporter -->
<testsuite hostname="EC2AMAZ-8KL45D2" failures="0" tests="3" name="com.Assignments.WebOrder_Assignment1" time="1.639" errors="0" timestamp="2024-10-09T08:36:20 UTC" skipped="0">
  <testcase classname="com.Assignments.WebOrder_Assignment1" name="Create_Order" time="0.618"/>
  <system-out/>
  <testcase classname="com.Assignments.WebOrder_Assignment1" name="Create_Order" time="0.517"/>
  <system-out/>
  <testcase classname="com.Assignments.WebOrder_Assignment1" name="Create_Order" time="0.504"/>
  <system-out/>
</testsuite> <!-- com.Assignments.WebOrder_Assignment1 -->
