<?xml version="1.0" encoding="UTF-8"?>
<!-- Generated by org.testng.reporters.JUnitReportReporter -->
<testsuite hostname="EC2AMAZ-8KL45D2" failures="0" tests="5" name="com.WebOrder.WebOrder_Login_DataDrivenTest_Using_Excel" time="41.256" errors="0" timestamp="2024-09-25T06:16:51 UTC" skipped="0">
  <testcase classname="com.WebOrder.WebOrder_Login_DataDrivenTest_Using_Excel" name="login_to_app" time="7.997"/>
  <system-out/>
  <testcase classname="com.WebOrder.WebOrder_Login_DataDrivenTest_Using_Excel" name="login_to_app" time="7.887"/>
  <system-out/>
  <testcase classname="com.WebOrder.WebOrder_Login_DataDrivenTest_Using_Excel" name="login_to_app" time="8.600"/>
  <system-out/>
  <testcase classname="com.WebOrder.WebOrder_Login_DataDrivenTest_Using_Excel" name="login_to_app" time="9.015"/>
  <system-out/>
  <testcase classname="com.WebOrder.WebOrder_Login_DataDrivenTest_Using_Excel" name="login_to_app" time="7.757"/>
  <system-out/>
</testsuite> <!-- com.WebOrder.WebOrder_Login_DataDrivenTest_Using_Excel -->
